
=== Wed Dec 19 17:46:01 2018

Packages were changed.
Update Mode: updateDependencies

The following packages were added:
  com.unity.collab-proxy@1.2.15
The following packages were updated:
  com.unity.ads from version 2.0.8 to 2.3.1
  com.unity.analytics from version 2.0.16 to 3.2.2
  com.unity.package-manager-ui from version 1.9.11 to 2.0.3
  com.unity.textmeshpro from version 1.2.4 to 1.3.0

=== Mon Apr  8 14:16:23 2019

Packages were changed.
Update Mode: updateDependencies

The following packages were added:
  com.unity.timeline@1.0.0
  com.unity.multiplayer-hlapi@1.0.1
  com.unity.xr.legacyinputhelpers@2.0.2
The following packages were updated:
  com.unity.analytics from version 3.2.2 to 3.3.2
  com.unity.package-manager-ui from version 2.0.3 to 2.1.1
  com.unity.textmeshpro from version 1.3.0 to 2.0.0

=== Mon Jun 17 10:12:11 2019

Packages were changed.
Update Mode: updateDependencies

The following packages were updated:
  com.unity.collab-proxy from version 1.2.15 to 1.2.16
  com.unity.multiplayer-hlapi from version 1.0.1 to 1.0.2
  com.unity.package-manager-ui from version 2.1.1 to 2.1.2
  com.unity.purchasing from version 2.0.3 to 2.0.6

=== Sun Jan  5 21:24:19 2020

Packages were changed.
Update Mode: updateDependencies

The following packages were added:
  com.unity.2d.tilemap@1.0.0
  com.unity.ext.nunit@1.0.0
  com.unity.test-framework@1.0.13
  com.unity.2d.sprite@1.0.0
  com.unity.ide.vscode@1.1.2
  com.unity.ide.rider@1.1.0
  com.unity.ugui@1.0.0
  com.unity.modules.androidjni@1.0.0
The following packages were updated:
  com.unity.package-manager-ui from version 2.1.2 to 2.2.0
  com.unity.timeline from version 1.0.0 to 1.1.0

=== Mon Aug  3 16:47:26 2020

Packages were changed.
Update Mode: updateDependencies

The following packages were updated:
  com.unity.ide.vscode from version 1.1.4 to 1.2.0
  com.unity.postprocessing from version 2.1.7 to 2.2.2
  com.unity.test-framework from version 1.0.18 to 1.1.14
  com.unity.timeline from version 1.1.0 to 1.2.6
  com.unity.xr.legacyinputhelpers from version 2.0.8 to 2.1.4
The following packages were removed:
  com.unity.package-manager-ui@2.2.0

=== Wed Oct 28 13:46:39 2020

Packages were changed.
Update Mode: updateDependencies

The following packages were added:
  com.unity.ide.visualstudio@2.0.3
The following packages were updated:
  com.unity.collab-proxy from version 1.2.16 to 1.3.9
  com.unity.render-pipelines.universal from version 7.5.1 to 8.2.0
  com.unity.shadergraph from version 7.5.1 to 8.2.0
  com.unity.test-framework from version 1.1.16 to 1.1.18
  com.unity.textmeshpro from version 2.1.1 to 3.0.1
  com.unity.visualeffectgraph from version 7.5.1 to 8.2.0

=== Sun Dec 20 23:38:03 2020

Packages were changed.
Update Mode: updateDependencies

The following packages were updated:
  com.unity.ext.nunit from version 1.0.0 to 1.0.5
  com.unity.ide.visualstudio from version 2.0.3 to 2.0.5
  com.unity.ide.vscode from version 1.2.2 to 1.2.3
  com.unity.render-pipelines.universal from version 8.2.0 to 8.3.1
  com.unity.shadergraph from version 8.2.0 to 8.3.1
  com.unity.test-framework from version 1.1.18 to 1.1.19
  com.unity.visualeffectgraph from version 8.2.0 to 8.3.1
  com.unity.xr.legacyinputhelpers from version 2.1.4 to 2.1.6

=== Fri Aug 30 14:24:20 2024

Packages were changed.
Update Mode: updateDependencies

The following packages were added:
  com.unity.ai.navigation@1.1.5
The following packages were updated:
  com.unity.analytics from version 3.5.3 to 3.8.1
  com.unity.animation.rigging from version 0.3.4-preview to 1.2.1
  com.unity.burst from version 1.4.3 to 1.8.16
  com.unity.collab-proxy from version 1.3.9 to 2.4.3
  com.unity.ide.rider from version 3.0.3 to 3.0.28
  com.unity.ide.visualstudio from version 2.0.5 to 2.0.22
  com.unity.ide.vscode from version 1.2.3 to 1.2.5
  com.unity.inputsystem from version 1.0.1 to 1.7.0
  com.unity.mathematics from version 1.2.1 to 1.2.6
  com.unity.probuilder from version 4.4.0 to 5.2.2
  com.unity.render-pipelines.core from version 8.3.1 to 14.0.11
  com.unity.render-pipelines.universal from version 8.3.1 to 14.0.11
  com.unity.shadergraph from version 8.3.1 to 14.0.11
  com.unity.test-framework from version 1.1.20 to 1.1.33
  com.unity.textmeshpro from version 3.0.3 to 3.0.6
  com.unity.timeline from version 1.4.5 to 1.7.6
  com.unity.visualeffectgraph from version 8.3.1 to 14.0.11
  com.unity.xr.legacyinputhelpers from version 2.1.7 to 2.1.10
